build/app/intermediates/manifest_merge_blame_file/debug/manifest-merger-blame-debug-report.txt
1<?xml version="1.0" encoding="utf-8"?>
2<manifest xmlns:android="http://schemas.android.com/apk/res/android"
3    package="com.gamitics.covid19helper"
4    android:versionCode="3"
5    android:versionName="1.0.3" >
6
7    <uses-sdk
8        android:minSdkVersion="19"
9        android:targetSdkVersion="28" />
10    <!--
11         Flutter needs it to communicate with the running application
12         to allow setting breakpoints, to provide hot reload, etc.
13    -->
14    <uses-permission android:name="android.permission.INTERNET" />
14-->src\main\AndroidManifest.xml:3:5-67
14-->src\main\AndroidManifest.xml:3:22-64
15    <uses-permission android:name="android.permission.ACCESS_NETWORK_STATE" />
15-->src\main\AndroidManifest.xml:4:5-79
15-->src\main\AndroidManifest.xml:4:22-76
16    <uses-permission android:name="android.permission.RECORD_AUDIO" />
16-->src\main\AndroidManifest.xml:5:5-71
16-->src\main\AndroidManifest.xml:5:22-68
17    <uses-permission android:name="android.permission.CAMERA" />
17-->src\main\AndroidManifest.xml:6:5-64
17-->src\main\AndroidManifest.xml:6:22-62
18    <uses-permission android:name="android.permission.BLUETOOTH" />
18-->src\main\AndroidManifest.xml:7:5-67
18-->src\main\AndroidManifest.xml:7:22-65
19    <uses-permission android:name="android.permission.ACCESS_WIFI_STATE" />
19-->[com.twilio:chat-android:5.0.1] AndroidManifest.xml:11:5-76
19-->[com.twilio:chat-android:5.0.1] AndroidManifest.xml:11:22-73
20    <!--
21 io.flutter.app.FlutterApplication is an android.app.Application that
22         calls FlutterMain.startInitialization(this); in its onCreate method.
23         In most cases you can leave this as-is, but you if you want to provide
24         additional functionality it is fine to subclass or reimplement
25         FlutterApplication and put your custom class here.
26    -->
27    <application
27-->src\main\AndroidManifest.xml:13:5-34:19
28        android:name="io.flutter.app.FlutterApplication"
28-->src\main\AndroidManifest.xml:14:9-57
29        android:appComponentFactory="androidx.core.app.CoreComponentFactory"
29-->[androidx.core:core:1.0.0] AndroidManifest.xml:22:18-86
30        android:debuggable="true"
31        android:icon="@mipmap/ic_launcher"
31-->src\main\AndroidManifest.xml:16:9-43
32        android:label="Covid-19help" >
32-->src\main\AndroidManifest.xml:15:9-37
33        <activity
33-->src\main\AndroidManifest.xml:17:9-28:20
34            android:name="com.example.covd19.MainActivity"
34-->src\main\AndroidManifest.xml:18:13-59
35            android:configChanges="orientation|keyboardHidden|keyboard|screenSize|smallestScreenSize|locale|layoutDirection|fontScale|screenLayout|density|uiMode"
35-->src\main\AndroidManifest.xml:21:13-163
36            android:hardwareAccelerated="true"
36-->src\main\AndroidManifest.xml:22:13-47
37            android:launchMode="singleTop"
37-->src\main\AndroidManifest.xml:19:13-43
38            android:theme="@style/LaunchTheme"
38-->src\main\AndroidManifest.xml:20:13-47
39            android:windowSoftInputMode="adjustResize" >
39-->src\main\AndroidManifest.xml:23:13-55
40            <intent-filter>
40-->src\main\AndroidManifest.xml:24:13-27:29
41                <action android:name="android.intent.action.MAIN" />
41-->src\main\AndroidManifest.xml:25:17-68
41-->src\main\AndroidManifest.xml:25:25-66
42
43                <category android:name="android.intent.category.LAUNCHER" />
43-->src\main\AndroidManifest.xml:26:17-76
43-->src\main\AndroidManifest.xml:26:27-74
44            </intent-filter>
45        </activity>
46        <!--
47             Don't delete the meta-data below.
48             This is used by the Flutter tool to generate GeneratedPluginRegistrant.java
49        -->
50        <meta-data
50-->src\main\AndroidManifest.xml:31:9-33:33
51            android:name="flutterEmbedding"
51-->src\main\AndroidManifest.xml:32:13-44
52            android:value="2" />
52-->src\main\AndroidManifest.xml:33:13-30
53
54        <activity
54-->[:url_launcher] AndroidManifest.xml:8:9-11:74
55            android:name="io.flutter.plugins.urllauncher.WebViewActivity"
55-->[:url_launcher] AndroidManifest.xml:9:13-74
56            android:exported="false"
56-->[:url_launcher] AndroidManifest.xml:10:13-37
57            android:theme="@android:style/Theme.NoTitleBar.Fullscreen" />
57-->[:url_launcher] AndroidManifest.xml:11:13-71
58    </application>
59
60</manifest>